/usr/bin/python3 /Users/nick_1/PycharmProjects/Western Summer Research/CoolingTowerSyntheticDataGenerator/synthetic_data_generator/reformat_src_data.py
Copying images: 100%|██████████| 76/76 [00:04<00:00, 15.57it/s]
Could not find these specific files:
	2024_06_20_2pm_snapshot_1.png
	2024_06_20_3pm_snapshot_1.png
	2024_06_20_4pm_snapshot_1.png
	2024_06_20_5pm_snapshot_1.png
	2024_06_20_6pm_snapshot_1.png
	2024_06_20_7pm_snapshot_1.png
	2024_06_20_8pm_snapshot_1.png
	2024_06_21_8am_snapshot_1.png
	2024_06_21_9am_snapshot_1.png
	2024_06_21_10am_snapshot_1.png
	2024_06_21_11am_snapshot_1.png
	2024_06_21_12pm_snapshot_1.png
	2024_06_21_1pm_snapshot_1.png
	2024_06_21_2pm_snapshot_1.png
	2024_06_21_3pm_snapshot_1.png
	2024_06_21_4pm_snapshot_1.png
	2024_06_21_5pm_snapshot_1.png
	2024_06_21_6pm_snapshot_1.png
	2024_06_21_7pm_snapshot_1.png
	2024_06_21_8pm_snapshot_1.png
	2024_06_22_8am_snapshot_1.png
	2024_06_22_9am_snapshot_1.png
	2024_06_22_10am_snapshot_1.png
	2024_06_22_11am_snapshot_1.png
	2024_06_22_12pm_snapshot_1.png
	2024_06_22_1pm_snapshot_1.png
	2024_06_22_2pm_snapshot_1.png
	2024_06_22_3pm_snapshot_1.png
	2024_06_22_4pm_snapshot_1.png
	2024_06_22_5pm_snapshot_1.png
	2024_06_22_6pm_snapshot_1.png
	2024_06_22_7pm_snapshot_1.png
	2024_06_22_8pm_snapshot_1.png
	2024_06_23_8am_snapshot_1.png
	2024_06_23_9am_snapshot_1.png
	2024_06_23_10am_snapshot_1.png
	2024_06_23_11am_snapshot_1.png
	2024_06_23_12pm_snapshot_1.png
	2024_06_23_1pm_snapshot_1.png
	2024_06_23_2pm_snapshot_1.png
	2024_06_23_3pm_snapshot_1.png
	2024_06_23_4pm_snapshot_1.png
	2024_06_23_5pm_snapshot_1.png
	2024_06_23_6pm_snapshot_1.png
	2024_06_23_7pm_snapshot_1.png
	2024_06_23_8pm_snapshot_1.png
	2024_06_24_8am_snapshot_1.png
	2024_06_24_9am_snapshot_1.png
	2024_06_24_10am_snapshot_1.png
	2024_06_24_11am_snapshot_1.png
	2024_06_24_12pm_snapshot_1.png
	2024_06_24_1pm_snapshot_1.png
	2024_06_24_2pm_snapshot_1.png
	2024_06_24_3pm_snapshot_1.png
	2024_06_24_4pm_snapshot_1.png
	2024_06_24_5pm_snapshot_1.png
	2024_06_24_6pm_snapshot_1.png
	2024_06_24_7pm_snapshot_1.png
	2024_06_24_8pm_snapshot_1.png
	2024_06_25_8am_snapshot_1.png
	2024_06_25_9am_snapshot_1.png
	2024_06_25_10am_snapshot_1.png
	2024_06_25_11am_snapshot_1.png
	2024_06_25_12pm_snapshot_1.png
	2024_06_25_1pm_snapshot_1.png
	2024_06_25_2pm_snapshot_1.png
	2024_06_25_3pm_snapshot_1.png
	2024_06_25_4pm_snapshot_1.png
	2024_06_26_4pm_snapshot_1.png
	2024_06_28_12pm_snapshot_1.png
	2024_06_28_1pm_snapshot_1.png
	2024_06_28_2pm_snapshot_1.png
	2024_06_28_3pm_snapshot_1.png
	2024_06_28_4pm_snapshot_1.png
	2024_06_28_5pm_snapshot_1.png
	2024_06_28_6pm_snapshot_1.png
	2024_06_28_7pm_snapshot_1.png
	2024_06_28_8pm_snapshot_1.png
	2024_06_29_10am_snapshot_1.png
	2024_07_03_8am_snapshot_1.png
	2024_07_05_8am_snapshot_1.png
	2024_07_07_11am_snapshot_1.png
	2024_07_07_12pm_snapshot_1.png
	2024_07_07_2pm_snapshot_1.png
	2024_07_07_3pm_snapshot_1.png
	2024_07_07_5pm_snapshot_1.png
	2024_07_07_6pm_snapshot_1.png
	2024_07_07_7pm_snapshot_1.png
	2024_07_07_8pm_snapshot_1.png
	2024_07_09_8am_snapshot_1.png
	2024_07_09_7pm_snapshot_1.png
	2024_07_09_8pm_snapshot_1.png
	2024_07_10_9am_snapshot_1.png
	2024_07_10_10am_snapshot_1.png
	2024_07_10_11am_snapshot_1.png
	2024_07_10_12pm_snapshot_1.png
	2024_07_10_2pm_snapshot_1.png
	2024_07_11_6pm_snapshot_1.png
	2024_07_13_12pm_snapshot_1.png
	2024_07_15_8pm_snapshot_1.png
	2024_07_18_10am_snapshot_1.png
	2024_07_18_2pm_snapshot_1.png
	2024_07_20_9am_snapshot_1.png
	2024_07_20_10am_snapshot_1.png
	2024_07_20_11am_snapshot_1.png
	2024_07_20_12pm_snapshot_1.png
	2024_07_20_1pm_snapshot_1.png
	2024_07_20_2pm_snapshot_1.png
	2024_07_20_3pm_snapshot_1.png
	2024_07_20_5pm_snapshot_1.png
	2024_07_20_6pm_snapshot_1.png
	2024_07_20_7pm_snapshot_1.png
	2024_07_20_8pm_snapshot_1.png
	2024_07_21_8am_snapshot_1.png
	2024_07_21_9am_snapshot_1.png
	2024_07_21_10am_snapshot_1.png
	2024_07_21_11am_snapshot_1.png
	2024_07_21_12pm_snapshot_1.png
	2024_07_21_3pm_snapshot_1.png
	2024_07_21_5pm_snapshot_1.png
	2024_07_25_12pm_snapshot_1.png
	2024_07_25_1pm_snapshot_1.png
	2024_07_25_3pm_snapshot_1.png
	2024_07_26_3pm_snapshot_1.png
	2024_08_12_5pm_snapshot_1.png
	2024_08_15_8pm_snapshot_1.png
	2024_08_16_8am_snapshot_1.png
	2024_08_16_9am_snapshot_1.png
	2024_08_16_10am_snapshot_1.png
	2024_08_16_11am_snapshot_1.png
	2024_08_16_12pm_snapshot_1.png
	2024_08_16_1pm_snapshot_1.png
	2024_08_16_2pm_snapshot_1.png
	2024_08_16_3pm_snapshot_1.png
	2024_08_16_4pm_snapshot_1.png
	2024_08_16_5pm_snapshot_1.png
	2024_08_16_6pm_snapshot_1.png
	2024_08_16_7pm_snapshot_1.png
	2024_08_16_8pm_snapshot_1.png
	2024_08_17_8am_snapshot_1.png
	2024_08_17_9am_snapshot_1.png
	2024_08_17_10am_snapshot_1.png
	2024_08_17_11am_snapshot_1.png
	2024_08_17_12pm_snapshot_1.png
	2024_08_17_1pm_snapshot_1.png
	2024_08_17_2pm_snapshot_1.png
	2024_08_17_3pm_snapshot_1.png
	2024_08_17_4pm_snapshot_1.png
	2024_08_17_5pm_snapshot_1.png
	2024_08_17_6pm_snapshot_1.png
	2024_08_17_7pm_snapshot_1.png
	2024_08_17_8pm_snapshot_1.png
	2024_08_18_8am_snapshot_1.png
	2024_08_18_9am_snapshot_1.png
	2024_08_18_10am_snapshot_1.png
	2024_08_18_11am_snapshot_1.png
	2024_08_18_12pm_snapshot_1.png
	2024_08_18_1pm_snapshot_1.png
	2024_08_18_2pm_snapshot_1.png
	2024_08_18_3pm_snapshot_1.png
	2024_08_18_4pm_snapshot_1.png
	2024_08_18_5pm_snapshot_1.png
	2024_08_18_6pm_snapshot_1.png
	2024_08_18_7pm_snapshot_1.png
	2024_08_18_8pm_snapshot_1.png
	2024_08_19_8am_snapshot_1.png
	2024_08_19_9am_snapshot_1.png
	2024_08_19_10am_snapshot_1.png
	2024_08_19_11am_snapshot_1.png
	2024_08_19_12pm_snapshot_1.png
	2024_08_19_1pm_snapshot_1.png
	2024_08_19_2pm_snapshot_1.png
	2024_08_19_3pm_snapshot_1.png
	2024_08_19_4pm_snapshot_1.png
	2024_08_19_5pm_snapshot_1.png
	2024_08_19_6pm_snapshot_1.png
	2024_08_19_7pm_snapshot_1.png
	2024_08_19_8pm_snapshot_1.png
	2024_08_20_8am_snapshot_1.png
	2024_08_20_9am_snapshot_1.png
	2024_08_24_8am_snapshot_1.png
	2024_08_25_3pm_snapshot_1.png
	2024_08_26_8am_snapshot_1.png
	2024_08_26_9am_snapshot_1.png
	2024_08_26_10am_snapshot_1.png
	2024_08_26_3pm_snapshot_1.png
	2024_08_26_7pm_snapshot_1.png
	2024_08_26_8pm_snapshot_1.png
	2024_08_27_8am_snapshot_1.png
	2024_08_27_5pm_snapshot_1.png
0 files were found for these dates:
	2024_06_21
	2024_06_22
	2024_06_23
	2024_06_24
	2024_08_16
	2024_08_17
	2024_08_18
	2024_08_19

Process finished with exit code 0
